txn[1001], 21:34:57.601, select count(*)  from backups t0 
txn[1001], 21:34:57.605, FindRowCount exeMicros[3355] rows[0] type[com.mcadminpanel.web.database.Backup] predicates[] bind[] 
txn[1002], 21:34:57.608, select count(*)  from backup_schedules t0 
txn[1002], 21:34:57.609, FindRowCount exeMicros[337] rows[0] type[com.mcadminpanel.web.database.BackupSchedule] predicates[] bind[] 
txn[1003], 21:34:57.609, select count(*)  from applications t0 
txn[1003], 21:34:57.609, FindRowCount exeMicros[74] rows[0] type[com.mcadminpanel.web.database.Application] predicates[] bind[] 
txn[1004], 21:34:57.609, select count(*)  from users t0 
txn[1004], 21:34:57.609, FindRowCount exeMicros[68] rows[1] type[com.mcadminpanel.web.database.User] predicates[] bind[] 
txn[1005], 21:34:57.609, select count(*)  from groups t0 
txn[1005], 21:34:57.609, FindRowCount exeMicros[67] rows[4] type[com.mcadminpanel.web.database.Group] predicates[] bind[] 
txn[1006], 21:34:57.616, select t0.id c0, t0.schedule c1, t0.description c2, t0.filename c3, t0.date c4  from backups t0 
txn[1006], 21:34:57.617, FindMany type[Backup] origin[DWcG3_.CtTIb8.B7WE-r] exeMicros[895] rows[0] name[] predicates[] bind[] 
txn[1008], 21:34:57.618, select t0.id c0, t0.interval c1, t0.interval_string c2, t0.last_backup c3, t0.backup_worlds c4, t0.backup_plugins c5, t0.backup_everything c6, t0.worlds c7  from backup_schedules t0 
txn[1008], 21:34:57.618, FindMany type[BackupSchedule] origin[BcbDpR.BAXTwl.B7WFct] exeMicros[113] rows[0] name[] predicates[] bind[] 
txn[1007], 21:34:57.616, select t0.id c0, t0.group_id c1, t0.uuid c2, t0.username c3, t0.pass_hash c4, t0.pass_salt c5, t0.ip_address c6, t0.whitelisted c7, t0.blacklisted c8  from users t0 
txn[1007], 21:34:57.621, FindMany type[User] origin[azTix.C_dc1T.D7Dlbw] exeMicros[4214] rows[1] name[] predicates[] bind[] 
txn[1001], 21:35:06.540, FindRowCount exeMicros[3023] rows[0] type[com.mcadminpanel.web.database.BackupSchedule] predicates[] bind[] 
txn[1002], 21:35:06.544, FindRowCount exeMicros[326] rows[0] type[com.mcadminpanel.web.database.Backup] predicates[] bind[] 
txn[1003], 21:35:06.544, FindRowCount exeMicros[118] rows[4] type[com.mcadminpanel.web.database.Group] predicates[] bind[] 
txn[1004], 21:35:06.545, FindRowCount exeMicros[165] rows[0] type[com.mcadminpanel.web.database.Application] predicates[] bind[] 
txn[1005], 21:35:06.545, FindRowCount exeMicros[78] rows[1] type[com.mcadminpanel.web.database.User] predicates[] bind[] 
txn[1006], 21:35:06.554, FindMany type[Backup] origin[DWcG3_.CtTIb8.B7WE-r] exeMicros[1458] rows[0] name[] predicates[] bind[] 
txn[1008], 21:35:06.554, FindMany type[BackupSchedule] origin[BcbDpR.BAXTwl.B7WFct] exeMicros[159] rows[0] name[] predicates[] bind[] 
txn[1007], 21:35:06.555, FindMany type[User] origin[azTix.C_dc1T.D7Dlbw] exeMicros[3219] rows[1] name[] predicates[] bind[] 
